

Started GET "/" for 155.225.2.100 at 2019-11-19 22:09:00 +0000
Cannot render console from 155.225.2.100! Allowed networks: 127.0.0.1, ::1, 127.0.0.0/127.255.255.255

ActiveRecord::PendingMigrationError (

Migrations are pending. To resolve this issue, run:

	bin/rake db:migrate RAILS_ENV=development

):
  activerecord (4.2.10) lib/active_record/migration.rb:392:in `check_pending!'
  activerecord (4.2.10) lib/active_record/migration.rb:373:in `call'
  actionpack (4.2.10) lib/action_dispatch/middleware/callbacks.rb:29:in `block in call'
  activesupport (4.2.10) lib/active_support/callbacks.rb:88:in `__run_callbacks__'
  activesupport (4.2.10) lib/active_support/callbacks.rb:778:in `_run_call_callbacks'
  activesupport (4.2.10) lib/active_support/callbacks.rb:81:in `run_callbacks'
  actionpack (4.2.10) lib/action_dispatch/middleware/callbacks.rb:27:in `call'
  actionpack (4.2.10) lib/action_dispatch/middleware/reloader.rb:73:in `call'
  actionpack (4.2.10) lib/action_dispatch/middleware/remote_ip.rb:78:in `call'
  actionpack (4.2.10) lib/action_dispatch/middleware/debug_exceptions.rb:17:in `call'
  web-console (2.3.0) lib/web_console/middleware.rb:20:in `block in call'
  web-console (2.3.0) lib/web_console/middleware.rb:18:in `catch'
  web-console (2.3.0) lib/web_console/middleware.rb:18:in `call'
  actionpack (4.2.10) lib/action_dispatch/middleware/show_exceptions.rb:30:in `call'
  railties (4.2.10) lib/rails/rack/logger.rb:38:in `call_app'
  railties (4.2.10) lib/rails/rack/logger.rb:20:in `block in call'
  activesupport (4.2.10) lib/active_support/tagged_logging.rb:68:in `block in tagged'
  activesupport (4.2.10) lib/active_support/tagged_logging.rb:26:in `tagged'
  activesupport (4.2.10) lib/active_support/tagged_logging.rb:68:in `tagged'
  railties (4.2.10) lib/rails/rack/logger.rb:20:in `call'
  actionpack (4.2.10) lib/action_dispatch/middleware/request_id.rb:21:in `call'
  rack (1.6.11) lib/rack/methodoverride.rb:22:in `call'
  rack (1.6.11) lib/rack/runtime.rb:18:in `call'
  activesupport (4.2.10) lib/active_support/cache/strategy/local_cache_middleware.rb:28:in `call'
  rack (1.6.11) lib/rack/lock.rb:17:in `call'
  actionpack (4.2.10) lib/action_dispatch/middleware/static.rb:120:in `call'
  rack (1.6.11) lib/rack/sendfile.rb:113:in `call'
  railties (4.2.10) lib/rails/engine.rb:518:in `call'
  railties (4.2.10) lib/rails/application.rb:165:in `call'
  rack (1.6.11) lib/rack/lock.rb:17:in `call'
  rack (1.6.11) lib/rack/content_length.rb:15:in `call'
  rack (1.6.11) lib/rack/handler/webrick.rb:88:in `service'
  /home/ec2-user/.rvm/rubies/ruby-2.6.3/lib/ruby/2.6.0/webrick/httpserver.rb:140:in `service'
  /home/ec2-user/.rvm/rubies/ruby-2.6.3/lib/ruby/2.6.0/webrick/httpserver.rb:96:in `run'
  /home/ec2-user/.rvm/rubies/ruby-2.6.3/lib/ruby/2.6.0/webrick/server.rb:307:in `block in start_thread'


  Rendered /home/ec2-user/.rvm/gems/ruby-2.6.3/gems/actionpack-4.2.10/lib/action_dispatch/middleware/templates/rescues/_source.erb (10.9ms)
  Rendered /home/ec2-user/.rvm/gems/ruby-2.6.3/gems/actionpack-4.2.10/lib/action_dispatch/middleware/templates/rescues/_trace.html.erb (1.2ms)
  Rendered /home/ec2-user/.rvm/gems/ruby-2.6.3/gems/actionpack-4.2.10/lib/action_dispatch/middleware/templates/rescues/_request_and_response.html.erb (0.8ms)
  Rendered /home/ec2-user/.rvm/gems/ruby-2.6.3/gems/actionpack-4.2.10/lib/action_dispatch/middleware/templates/rescues/diagnostics.html.erb within rescues/layout (29.0ms)
  [1m[36m (38.5ms)[0m  [1mCREATE TABLE "schema_migrations" ("version" varchar NOT NULL) [0m
  [1m[35m (0.1ms)[0m  select sqlite_version(*)
  [1m[36m (19.3ms)[0m  [1mCREATE UNIQUE INDEX "unique_schema_migrations" ON "schema_migrations" ("version")[0m
  [1m[35mActiveRecord::SchemaMigration Load (0.1ms)[0m  SELECT "schema_migrations".* FROM "schema_migrations"
Migrating to CreateUsers (20191031003451)
  [1m[36m (0.1ms)[0m  [1mbegin transaction[0m
  [1m[35m (0.4ms)[0m  CREATE TABLE "users" ("id" INTEGER PRIMARY KEY AUTOINCREMENT NOT NULL, "user_id" integer, "first_name" varchar, "last_name" varchar, "email" varchar, "password" varchar, "created_at" datetime NOT NULL, "updated_at" datetime NOT NULL) 
  [1m[36mSQL (0.1ms)[0m  [1mINSERT INTO "schema_migrations" ("version") VALUES (?)[0m  [["version", "20191031003451"]]
  [1m[35m (26.5ms)[0m  commit transaction
Migrating to AddSessionsTable (20191112160127)
  [1m[36m (0.1ms)[0m  [1mbegin transaction[0m
DEPRECATION WARNING: `#timestamps` was called without specifying an option for `null`. In Rails 5, this behavior will change to `null: false`. You should manually specify `null: true` to prevent the behavior of your existing migrations from changing. (called from block in change at /home/ec2-user/environment/Homework/faculty-vote/faculty-vote-app/db/migrate/20191112160127_add_sessions_table.rb:6)
  [1m[35m (0.3ms)[0m  CREATE TABLE "sessions" ("id" INTEGER PRIMARY KEY AUTOINCREMENT NOT NULL, "session_id" varchar NOT NULL, "data" text, "created_at" datetime, "updated_at" datetime) 
  [1m[36m (0.2ms)[0m  [1mCREATE UNIQUE INDEX "index_sessions_on_session_id" ON "sessions" ("session_id")[0m
  [1m[35m (0.1ms)[0m              SELECT sql
            FROM sqlite_master
            WHERE name='index_sessions_on_session_id' AND type='index'
            UNION ALL
            SELECT sql
            FROM sqlite_temp_master
            WHERE name='index_sessions_on_session_id' AND type='index'

  [1m[36m (0.1ms)[0m  [1mCREATE  INDEX "index_sessions_on_updated_at" ON "sessions" ("updated_at")[0m
  [1m[35mSQL (0.1ms)[0m  INSERT INTO "schema_migrations" ("version") VALUES (?)  [["version", "20191112160127"]]
  [1m[36m (27.4ms)[0m  [1mcommit transaction[0m
Migrating to CreateProposal (20191113163514)
  [1m[35m (0.1ms)[0m  begin transaction
  [1m[36m (0.3ms)[0m  [1mCREATE TABLE "proposals" ("id" INTEGER PRIMARY KEY AUTOINCREMENT NOT NULL, "proposal_id" integer, "name" text, "status" text, "result" text, "number_votes" integer, "number_yes" integer, "number_no" integer, "number_abstain" integer, "created_at" datetime NOT NULL, "updated_at" datetime NOT NULL) [0m
  [1m[35mSQL (0.2ms)[0m  INSERT INTO "schema_migrations" ("version") VALUES (?)  [["version", "20191113163514"]]
  [1m[36m (29.5ms)[0m  [1mcommit transaction[0m
Migrating to CreateVotes (20191113165525)
  [1m[35m (0.1ms)[0m  begin transaction
  [1m[36m (0.3ms)[0m  [1mCREATE TABLE "votes" ("id" INTEGER PRIMARY KEY AUTOINCREMENT NOT NULL, "vote_id" integer, "user_id" integer, "proposal_id" integer, "vote_type" varchar, "created_at" datetime NOT NULL, "updated_at" datetime NOT NULL) [0m
  [1m[35mSQL (0.1ms)[0m  INSERT INTO "schema_migrations" ("version") VALUES (?)  [["version", "20191113165525"]]
  [1m[36m (25.2ms)[0m  [1mcommit transaction[0m
  [1m[35mActiveRecord::SchemaMigration Load (7.8ms)[0m  SELECT "schema_migrations".* FROM "schema_migrations"
  [1m[36m (0.1ms)[0m  [1m            SELECT sql
            FROM sqlite_master
            WHERE name='index_sessions_on_updated_at' AND type='index'
            UNION ALL
            SELECT sql
            FROM sqlite_temp_master
            WHERE name='index_sessions_on_updated_at' AND type='index'
[0m
  [1m[35m (0.1ms)[0m              SELECT sql
            FROM sqlite_master
            WHERE name='index_sessions_on_session_id' AND type='index'
            UNION ALL
            SELECT sql
            FROM sqlite_temp_master
            WHERE name='index_sessions_on_session_id' AND type='index'

  [1m[36mActiveRecord::SchemaMigration Load (0.1ms)[0m  [1mSELECT "schema_migrations".* FROM "schema_migrations"[0m
  [1m[35m (0.1ms)[0m  begin transaction
  [1m[36mSQL (0.2ms)[0m  [1mINSERT INTO "proposals" ("name", "number_yes", "number_no", "created_at", "updated_at") VALUES (?, ?, ?, ?, ?)[0m  [["name", "Hire a new guy"], ["number_yes", 5], ["number_no", 2], ["created_at", "2019-11-19 22:09:27.230040"], ["updated_at", "2019-11-19 22:09:27.230040"]]
  [1m[35m (26.9ms)[0m  commit transaction
  [1m[36m (0.1ms)[0m  [1mbegin transaction[0m
  [1m[35mSQL (0.2ms)[0m  INSERT INTO "proposals" ("name", "number_yes", "number_no", "created_at", "updated_at") VALUES (?, ?, ?, ?, ?)  [["name", "Give team A an A"], ["number_yes", 7], ["number_no", 0], ["created_at", "2019-11-19 22:09:27.258830"], ["updated_at", "2019-11-19 22:09:27.258830"]]
  [1m[36m (27.7ms)[0m  [1mcommit transaction[0m
  [1m[35m (0.1ms)[0m  begin transaction
  [1m[36mSQL (0.2ms)[0m  [1mINSERT INTO "proposals" ("name", "number_yes", "number_no", "created_at", "updated_at") VALUES (?, ?, ?, ?, ?)[0m  [["name", "Give team B an F"], ["number_yes", 7], ["number_no", 0], ["created_at", "2019-11-19 22:09:27.288163"], ["updated_at", "2019-11-19 22:09:27.288163"]]
  [1m[35m (22.9ms)[0m  commit transaction
  [1m[36m (0.1ms)[0m  [1mbegin transaction[0m
  [1m[35mSQL (0.2ms)[0m  INSERT INTO "proposals" ("name", "number_yes", "number_no", "created_at", "updated_at") VALUES (?, ?, ?, ?, ?)  [["name", "Pizza for lunch"], ["number_yes", 3], ["number_no", 4], ["created_at", "2019-11-19 22:09:27.312705"], ["updated_at", "2019-11-19 22:09:27.312705"]]
  [1m[36m (30.1ms)[0m  [1mcommit transaction[0m
  [1m[35m (0.1ms)[0m  begin transaction
  [1m[36mSQL (0.2ms)[0m  [1mINSERT INTO "proposals" ("name", "number_yes", "number_no", "created_at", "updated_at") VALUES (?, ?, ?, ?, ?)[0m  [["name", "Make meetings shorter"], ["number_yes", 6], ["number_no", 1], ["created_at", "2019-11-19 22:09:27.344325"], ["updated_at", "2019-11-19 22:09:27.344325"]]
  [1m[35m (33.2ms)[0m  commit transaction
  [1m[36m (0.1ms)[0m  [1mbegin transaction[0m
  [1m[35mSQL (0.2ms)[0m  INSERT INTO "proposals" ("name", "number_yes", "number_no", "created_at", "updated_at") VALUES (?, ?, ?, ?, ?)  [["name", "Eliminate meetings"], ["number_yes", 1], ["number_no", 6], ["created_at", "2019-11-19 22:09:27.379166"], ["updated_at", "2019-11-19 22:09:27.379166"]]
  [1m[36m (20.3ms)[0m  [1mcommit transaction[0m
  [1m[35m (0.1ms)[0m  begin transaction
  [1m[36mSQL (0.2ms)[0m  [1mINSERT INTO "proposals" ("name", "number_yes", "number_no", "created_at", "updated_at") VALUES (?, ?, ?, ?, ?)[0m  [["name", "Offer more courses"], ["number_yes", 3], ["number_no", 4], ["created_at", "2019-11-19 22:09:27.401235"], ["updated_at", "2019-11-19 22:09:27.401235"]]
  [1m[35m (24.6ms)[0m  commit transaction
  [1m[36m (0.1ms)[0m  [1mbegin transaction[0m
  [1m[35mSQL (0.2ms)[0m  INSERT INTO "proposals" ("name", "number_yes", "number_no", "created_at", "updated_at") VALUES (?, ?, ?, ?, ?)  [["name", "Increase salaries"], ["number_yes", 7], ["number_no", 0], ["created_at", "2019-11-19 22:09:27.427504"], ["updated_at", "2019-11-19 22:09:27.427504"]]
  [1m[36m (17.0ms)[0m  [1mcommit transaction[0m
  [1m[35m (0.1ms)[0m  begin transaction
  [1m[36mSQL (0.2ms)[0m  [1mINSERT INTO "proposals" ("name", "number_yes", "number_no", "created_at", "updated_at") VALUES (?, ?, ?, ?, ?)[0m  [["name", "Make tests open-notes"], ["number_yes", 2], ["number_no", 5], ["created_at", "2019-11-19 22:09:27.446180"], ["updated_at", "2019-11-19 22:09:27.446180"]]
  [1m[35m (26.9ms)[0m  commit transaction
  [1m[36m (0.1ms)[0m  [1mbegin transaction[0m
  [1m[35mSQL (0.2ms)[0m  INSERT INTO "proposals" ("name", "number_yes", "number_no", "created_at", "updated_at") VALUES (?, ?, ?, ?, ?)  [["name", "Hire new Department head"], ["number_yes", 0], ["number_no", 7], ["created_at", "2019-11-19 22:09:27.474669"], ["updated_at", "2019-11-19 22:09:27.474669"]]
  [1m[36m (24.2ms)[0m  [1mcommit transaction[0m
  [1m[35m (0.1ms)[0m  begin transaction
  [1m[36mSQL (0.2ms)[0m  [1mINSERT INTO "users" ("first_name", "last_name", "email", "password", "created_at", "updated_at") VALUES (?, ?, ?, ?, ?, ?)[0m  [["first_name", "Matthew"], ["last_name", "Blair"], ["email", "mblair1@citadel.edu"], ["password", "one"], ["created_at", "2019-11-19 22:09:27.532325"], ["updated_at", "2019-11-19 22:09:27.532325"]]
  [1m[35m (17.8ms)[0m  commit transaction
  [1m[36m (0.1ms)[0m  [1mbegin transaction[0m
  [1m[35mSQL (0.2ms)[0m  INSERT INTO "users" ("first_name", "last_name", "email", "password", "created_at", "updated_at") VALUES (?, ?, ?, ?, ?, ?)  [["first_name", "Caitlin"], ["last_name", "Cabrera"], ["email", "ccabrera@citadel.edu"], ["password", "two"], ["created_at", "2019-11-19 22:09:27.551882"], ["updated_at", "2019-11-19 22:09:27.551882"]]
  [1m[36m (18.0ms)[0m  [1mcommit transaction[0m
  [1m[35m (0.1ms)[0m  begin transaction
  [1m[36mSQL (0.2ms)[0m  [1mINSERT INTO "users" ("first_name", "last_name", "email", "password", "created_at", "updated_at") VALUES (?, ?, ?, ?, ?, ?)[0m  [["first_name", "John-Anthony"], ["last_name", "Thevos"], ["email", "thevosjg@g.cofc.edu"], ["password", "three"], ["created_at", "2019-11-19 22:09:27.571534"], ["updated_at", "2019-11-19 22:09:27.571534"]]
  [1m[35m (28.6ms)[0m  commit transaction
  [1m[36m (0.1ms)[0m  [1mbegin transaction[0m
  [1m[35mSQL (0.2ms)[0m  INSERT INTO "users" ("first_name", "last_name", "email", "password", "created_at", "updated_at") VALUES (?, ?, ?, ?, ?, ?)  [["first_name", "Jared"], ["last_name", "Mathews"], ["email", "jmathew1@citadel.edu"], ["password", "four"], ["created_at", "2019-11-19 22:09:27.601674"], ["updated_at", "2019-11-19 22:09:27.601674"]]
  [1m[36m (25.9ms)[0m  [1mcommit transaction[0m
  [1m[35m (0.1ms)[0m  begin transaction
  [1m[36mSQL (0.2ms)[0m  [1mINSERT INTO "users" ("first_name", "last_name", "email", "password", "created_at", "updated_at") VALUES (?, ?, ?, ?, ?, ?)[0m  [["first_name", "Alexis"], ["last_name", "Jackson"], ["email", "jacksonaj1@g.cofc.edu"], ["password", "five"], ["created_at", "2019-11-19 22:09:27.629104"], ["updated_at", "2019-11-19 22:09:27.629104"]]
  [1m[35m (30.6ms)[0m  commit transaction
  [1m[36m (0.1ms)[0m  [1mbegin transaction[0m
  [1m[35mSQL (0.2ms)[0m  INSERT INTO "users" ("first_name", "last_name", "email", "password", "created_at", "updated_at") VALUES (?, ?, ?, ?, ?, ?)  [["first_name", "Michael"], ["last_name", "Verdicchio"], ["email", "mv@citadel.edu"], ["password", "six"], ["created_at", "2019-11-19 22:09:27.661202"], ["updated_at", "2019-11-19 22:09:27.661202"]]
  [1m[36m (24.6ms)[0m  [1mcommit transaction[0m
  [1m[35m (0.1ms)[0m  begin transaction
  [1m[36mSQL (0.2ms)[0m  [1mINSERT INTO "users" ("first_name", "last_name", "email", "password", "created_at", "updated_at") VALUES (?, ?, ?, ?, ?, ?)[0m  [["first_name", "Shankar"], ["last_name", "Banik"], ["email", "baniks1@citadel.edu"], ["password", "seven"], ["created_at", "2019-11-19 22:09:27.687363"], ["updated_at", "2019-11-19 22:09:27.687363"]]
  [1m[35m (22.9ms)[0m  commit transaction
  [1m[36m (0.1ms)[0m  [1mbegin transaction[0m
  [1m[35mSQL (0.2ms)[0m  INSERT INTO "votes" ("user_id", "proposal_id", "vote_type", "created_at", "updated_at") VALUES (?, ?, ?, ?, ?)  [["user_id", 1], ["proposal_id", 1], ["vote_type", "yes"], ["created_at", "2019-11-19 22:09:27.716587"], ["updated_at", "2019-11-19 22:09:27.716587"]]
  [1m[36m (35.7ms)[0m  [1mcommit transaction[0m
  [1m[35m (0.1ms)[0m  begin transaction
  [1m[36mSQL (0.2ms)[0m  [1mINSERT INTO "votes" ("user_id", "proposal_id", "vote_type", "created_at", "updated_at") VALUES (?, ?, ?, ?, ?)[0m  [["user_id", 2], ["proposal_id", 1], ["vote_type", "no"], ["created_at", "2019-11-19 22:09:27.770104"], ["updated_at", "2019-11-19 22:09:27.770104"]]
  [1m[35m (36.2ms)[0m  commit transaction
  [1m[36m (0.1ms)[0m  [1mbegin transaction[0m
  [1m[35mSQL (0.2ms)[0m  INSERT INTO "votes" ("user_id", "proposal_id", "vote_type", "created_at", "updated_at") VALUES (?, ?, ?, ?, ?)  [["user_id", 3], ["proposal_id", 1], ["vote_type", "abstain"], ["created_at", "2019-11-19 22:09:27.807864"], ["updated_at", "2019-11-19 22:09:27.807864"]]
  [1m[36m (35.2ms)[0m  [1mcommit transaction[0m
  [1m[35m (0.1ms)[0m  begin transaction
  [1m[36mSQL (0.2ms)[0m  [1mINSERT INTO "votes" ("user_id", "proposal_id", "vote_type", "created_at", "updated_at") VALUES (?, ?, ?, ?, ?)[0m  [["user_id", 4], ["proposal_id", 1], ["vote_type", "yes"], ["created_at", "2019-11-19 22:09:27.844550"], ["updated_at", "2019-11-19 22:09:27.844550"]]
  [1m[35m (26.0ms)[0m  commit transaction
  [1m[36m (0.1ms)[0m  [1mbegin transaction[0m
  [1m[35mSQL (0.2ms)[0m  INSERT INTO "votes" ("user_id", "proposal_id", "vote_type", "created_at", "updated_at") VALUES (?, ?, ?, ?, ?)  [["user_id", 5], ["proposal_id", 1], ["vote_type", "no"], ["created_at", "2019-11-19 22:09:27.872138"], ["updated_at", "2019-11-19 22:09:27.872138"]]
  [1m[36m (18.5ms)[0m  [1mcommit transaction[0m
  [1m[35m (0.1ms)[0m  begin transaction
  [1m[36mSQL (0.2ms)[0m  [1mINSERT INTO "votes" ("user_id", "proposal_id", "vote_type", "created_at", "updated_at") VALUES (?, ?, ?, ?, ?)[0m  [["user_id", 6], ["proposal_id", 1], ["vote_type", "yes"], ["created_at", "2019-11-19 22:09:27.892204"], ["updated_at", "2019-11-19 22:09:27.892204"]]
  [1m[35m (23.5ms)[0m  commit transaction
  [1m[36m (0.1ms)[0m  [1mbegin transaction[0m
  [1m[35mSQL (0.2ms)[0m  INSERT INTO "votes" ("user_id", "proposal_id", "vote_type", "created_at", "updated_at") VALUES (?, ?, ?, ?, ?)  [["user_id", 7], ["proposal_id", 1], ["vote_type", "yes"], ["created_at", "2019-11-19 22:09:27.917262"], ["updated_at", "2019-11-19 22:09:27.917262"]]
  [1m[36m (29.7ms)[0m  [1mcommit transaction[0m
  [1m[35m (21.1ms)[0m  CREATE TABLE "proposals" ("id" INTEGER PRIMARY KEY AUTOINCREMENT NOT NULL, "proposal_id" integer, "name" text, "status" text, "result" text, "number_votes" integer, "number_yes" integer, "number_no" integer, "number_abstain" integer, "created_at" datetime NOT NULL, "updated_at" datetime NOT NULL) 
  [1m[36m (16.0ms)[0m  [1mCREATE TABLE "sessions" ("id" INTEGER PRIMARY KEY AUTOINCREMENT NOT NULL, "session_id" varchar NOT NULL, "data" text, "created_at" datetime, "updated_at" datetime) [0m
  [1m[35m (0.1ms)[0m  select sqlite_version(*)
  [1m[36m (24.7ms)[0m  [1mCREATE UNIQUE INDEX "index_sessions_on_session_id" ON "sessions" ("session_id")[0m
  [1m[35m (0.1ms)[0m              SELECT sql
            FROM sqlite_master
            WHERE name='index_sessions_on_session_id' AND type='index'
            UNION ALL
            SELECT sql
            FROM sqlite_temp_master
            WHERE name='index_sessions_on_session_id' AND type='index'

  [1m[36m (24.6ms)[0m  [1mCREATE  INDEX "index_sessions_on_updated_at" ON "sessions" ("updated_at")[0m
  [1m[35m (9.8ms)[0m  CREATE TABLE "users" ("id" INTEGER PRIMARY KEY AUTOINCREMENT NOT NULL, "user_id" integer, "first_name" varchar, "last_name" varchar, "email" varchar, "password" varchar, "created_at" datetime NOT NULL, "updated_at" datetime NOT NULL) 
  [1m[36m (27.3ms)[0m  [1mCREATE TABLE "votes" ("id" INTEGER PRIMARY KEY AUTOINCREMENT NOT NULL, "vote_id" integer, "user_id" integer, "proposal_id" integer, "vote_type" varchar, "created_at" datetime NOT NULL, "updated_at" datetime NOT NULL) [0m
  [1m[35m (23.1ms)[0m  CREATE TABLE "schema_migrations" ("version" varchar NOT NULL) 
  [1m[36m (21.3ms)[0m  [1mCREATE UNIQUE INDEX "unique_schema_migrations" ON "schema_migrations" ("version")[0m
  [1m[35m (0.1ms)[0m  SELECT version FROM "schema_migrations"
  [1m[36m (24.7ms)[0m  [1mINSERT INTO "schema_migrations" (version) VALUES ('20191113165525')[0m
  [1m[35m (10.7ms)[0m  INSERT INTO "schema_migrations" (version) VALUES ('20191112160127')
  [1m[36m (18.5ms)[0m  [1mINSERT INTO "schema_migrations" (version) VALUES ('20191113163514')[0m
  [1m[35m (24.1ms)[0m  INSERT INTO "schema_migrations" (version) VALUES ('20191031003451')


Started GET "/" for 155.225.2.100 at 2019-11-19 22:09:35 +0000
Cannot render console from 155.225.2.100! Allowed networks: 127.0.0.1, ::1, 127.0.0.0/127.255.255.255
  [1m[36mActiveRecord::SchemaMigration Load (0.1ms)[0m  [1mSELECT "schema_migrations".* FROM "schema_migrations"[0m


Started GET "/authentication" for 155.225.2.100 at 2019-11-19 22:09:35 +0000
Cannot render console from 155.225.2.100! Allowed networks: 127.0.0.1, ::1, 127.0.0.0/127.255.255.255
Processing by AuthenticationController#index as HTML
  Rendered authentication/index.html.haml within layouts/application (22.4ms)
Completed 200 OK in 814ms (Views: 789.2ms | ActiveRecord: 0.0ms)


Started GET "/signup" for 155.225.2.100 at 2019-11-19 22:09:58 +0000
Cannot render console from 155.225.2.100! Allowed networks: 127.0.0.1, ::1, 127.0.0.0/127.255.255.255
Processing by AuthenticationController#signup as HTML
  Rendered authentication/signup.html.haml within layouts/application (16.3ms)
Completed 200 OK in 79ms (Views: 78.1ms | ActiveRecord: 0.0ms)


Started POST "/signup" for 155.225.2.100 at 2019-11-19 22:10:56 +0000
Cannot render console from 155.225.2.100! Allowed networks: 127.0.0.1, ::1, 127.0.0.0/127.255.255.255
Processing by AuthenticationController#signup_submit as HTML
  Parameters: {"utf8"=>"✓", "authenticity_token"=>"cG422+4UNySC7VaXfsYJ3veX/6oYoKbWOWgaf7Vi1CaDfSue4mdlwDHk6+sh+qd9Rd1RPd8aeAre8C6J0If4jQ==", "first_name"=>{"First Name"=>"1"}, "last_name"=>{"Last Name"=>"2"}, "email"=>{"Email"=>"1@1.com"}, "password"=>"[FILTERED]", "confirm_password"=>"[FILTERED]", "commit"=>"Submit"}
  [1m[35m (0.1ms)[0m  begin transaction
  [1m[36mSQL (0.3ms)[0m  [1mINSERT INTO "users" ("first_name", "last_name", "email", "created_at", "updated_at", "password") VALUES (?, ?, ?, ?, ?, ?)[0m  [["first_name", "1"], ["last_name", "2"], ["email", "1@1.com"], ["created_at", "2019-11-19 22:10:56.000000"], ["updated_at", "2019-11-19 22:10:56.000000"], ["password", "1"]]
  [1m[35m (25.1ms)[0m  commit transaction
Redirected to https://07f16bd2c68b41fa8b4a46a50ef1951d.vfs.cloud9.us-east-2.amazonaws.com/
Completed 302 Found in 59ms (ActiveRecord: 44.3ms)


Started GET "/" for 155.225.2.100 at 2019-11-19 22:10:56 +0000
Cannot render console from 155.225.2.100! Allowed networks: 127.0.0.1, ::1, 127.0.0.0/127.255.255.255


Started GET "/authentication" for 155.225.2.100 at 2019-11-19 22:10:57 +0000
Cannot render console from 155.225.2.100! Allowed networks: 127.0.0.1, ::1, 127.0.0.0/127.255.255.255
Processing by AuthenticationController#index as HTML
  Rendered authentication/index.html.haml within layouts/application (0.2ms)
Completed 200 OK in 17ms (Views: 17.0ms | ActiveRecord: 0.0ms)


Started POST "/signin" for 155.225.2.100 at 2019-11-19 22:11:04 +0000
Cannot render console from 155.225.2.100! Allowed networks: 127.0.0.1, ::1, 127.0.0.0/127.255.255.255
Processing by AuthenticationController#create as HTML
  Parameters: {"email"=>"1@1.com", "pwd"=>"1"}
  [1m[36mUser Exists (0.2ms)[0m  [1mSELECT  1 AS one FROM "users" WHERE "users"."email" = ? AND "users"."password" = ? LIMIT 1[0m  [["email", "1@1.com"], ["password", "1"]]
Redirected to https://07f16bd2c68b41fa8b4a46a50ef1951d.vfs.cloud9.us-east-2.amazonaws.com/proposals
Completed 302 Found in 16ms (ActiveRecord: 0.2ms)


Started GET "/proposals" for 155.225.2.100 at 2019-11-19 22:11:04 +0000
Cannot render console from 155.225.2.100! Allowed networks: 127.0.0.1, ::1, 127.0.0.0/127.255.255.255
Processing by ProposalsController#index as HTML
  [1m[35mProposal Load (0.2ms)[0m  SELECT "proposals".* FROM "proposals"
  Rendered proposals/index.html.haml within layouts/application (12.6ms)
Completed 200 OK in 32ms (Views: 29.8ms | ActiveRecord: 0.4ms)
  [1m[36m (31.9ms)[0m  [1mCREATE TABLE "schema_migrations" ("version" varchar NOT NULL) [0m
  [1m[35m (0.1ms)[0m  select sqlite_version(*)
  [1m[36m (34.2ms)[0m  [1mCREATE UNIQUE INDEX "unique_schema_migrations" ON "schema_migrations" ("version")[0m
  [1m[35mActiveRecord::SchemaMigration Load (0.1ms)[0m  SELECT "schema_migrations".* FROM "schema_migrations"
Migrating to CreateUsers (20191031003451)
  [1m[36m (0.1ms)[0m  [1mbegin transaction[0m
  [1m[35m (0.3ms)[0m  CREATE TABLE "users" ("id" INTEGER PRIMARY KEY AUTOINCREMENT NOT NULL, "user_id" integer, "first_name" varchar, "last_name" varchar, "email" varchar, "password" varchar, "created_at" datetime NOT NULL, "updated_at" datetime NOT NULL) 
  [1m[36mSQL (0.4ms)[0m  [1mINSERT INTO "schema_migrations" ("version") VALUES (?)[0m  [["version", "20191031003451"]]
  [1m[35m (19.1ms)[0m  commit transaction
Migrating to AddSessionsTable (20191112160127)
  [1m[36m (0.1ms)[0m  [1mbegin transaction[0m
DEPRECATION WARNING: `#timestamps` was called without specifying an option for `null`. In Rails 5, this behavior will change to `null: false`. You should manually specify `null: true` to prevent the behavior of your existing migrations from changing. (called from block in change at /home/ec2-user/environment/Homework/faculty-vote/faculty-vote-app/db/migrate/20191112160127_add_sessions_table.rb:6)
  [1m[35m (0.3ms)[0m  CREATE TABLE "sessions" ("id" INTEGER PRIMARY KEY AUTOINCREMENT NOT NULL, "session_id" varchar NOT NULL, "data" text, "created_at" datetime, "updated_at" datetime) 
  [1m[36m (0.2ms)[0m  [1mCREATE UNIQUE INDEX "index_sessions_on_session_id" ON "sessions" ("session_id")[0m
  [1m[35m (0.1ms)[0m              SELECT sql
            FROM sqlite_master
            WHERE name='index_sessions_on_session_id' AND type='index'
            UNION ALL
            SELECT sql
            FROM sqlite_temp_master
            WHERE name='index_sessions_on_session_id' AND type='index'

  [1m[36m (0.1ms)[0m  [1mCREATE  INDEX "index_sessions_on_updated_at" ON "sessions" ("updated_at")[0m
  [1m[35mSQL (0.3ms)[0m  INSERT INTO "schema_migrations" ("version") VALUES (?)  [["version", "20191112160127"]]
  [1m[36m (26.7ms)[0m  [1mcommit transaction[0m
Migrating to CreateProposal (20191113163514)
  [1m[35m (0.1ms)[0m  begin transaction
  [1m[36m (0.3ms)[0m  [1mCREATE TABLE "proposals" ("id" INTEGER PRIMARY KEY AUTOINCREMENT NOT NULL, "proposal_id" integer, "name" text, "status" text, "result" text, "number_votes" integer, "number_yes" integer, "number_no" integer, "number_abstain" integer, "created_at" datetime NOT NULL, "updated_at" datetime NOT NULL) [0m
  [1m[35mSQL (0.1ms)[0m  INSERT INTO "schema_migrations" ("version") VALUES (?)  [["version", "20191113163514"]]
  [1m[36m (19.1ms)[0m  [1mcommit transaction[0m
Migrating to CreateVotes (20191113165525)
  [1m[35m (0.1ms)[0m  begin transaction
  [1m[36m (0.3ms)[0m  [1mCREATE TABLE "votes" ("id" INTEGER PRIMARY KEY AUTOINCREMENT NOT NULL, "vote_id" integer, "user_id" integer, "proposal_id" integer, "vote_type" varchar, "created_at" datetime NOT NULL, "updated_at" datetime NOT NULL) [0m
  [1m[35mSQL (0.2ms)[0m  INSERT INTO "schema_migrations" ("version") VALUES (?)  [["version", "20191113165525"]]
  [1m[36m (29.8ms)[0m  [1mcommit transaction[0m
  [1m[35mActiveRecord::SchemaMigration Load (0.1ms)[0m  SELECT "schema_migrations".* FROM "schema_migrations"
  [1m[36m (0.1ms)[0m  [1m            SELECT sql
            FROM sqlite_master
            WHERE name='index_sessions_on_updated_at' AND type='index'
            UNION ALL
            SELECT sql
            FROM sqlite_temp_master
            WHERE name='index_sessions_on_updated_at' AND type='index'
[0m
  [1m[35m (0.1ms)[0m              SELECT sql
            FROM sqlite_master
            WHERE name='index_sessions_on_session_id' AND type='index'
            UNION ALL
            SELECT sql
            FROM sqlite_temp_master
            WHERE name='index_sessions_on_session_id' AND type='index'

  [1m[36mActiveRecord::SchemaMigration Load (0.1ms)[0m  [1mSELECT "schema_migrations".* FROM "schema_migrations"[0m
  [1m[35m (0.1ms)[0m  begin transaction
  [1m[36mSQL (1.0ms)[0m  [1mINSERT INTO "proposals" ("name", "number_yes", "number_no", "created_at", "updated_at") VALUES (?, ?, ?, ?, ?)[0m  [["name", "Hire a new guy"], ["number_yes", 5], ["number_no", 2], ["created_at", "2019-11-19 23:02:13.133184"], ["updated_at", "2019-11-19 23:02:13.133184"]]
  [1m[35m (32.8ms)[0m  commit transaction
  [1m[36m (0.1ms)[0m  [1mbegin transaction[0m
  [1m[35mSQL (0.2ms)[0m  INSERT INTO "proposals" ("name", "number_yes", "number_no", "created_at", "updated_at") VALUES (?, ?, ?, ?, ?)  [["name", "Give team A an A"], ["number_yes", 7], ["number_no", 0], ["created_at", "2019-11-19 23:02:13.168779"], ["updated_at", "2019-11-19 23:02:13.168779"]]
  [1m[36m (32.7ms)[0m  [1mcommit transaction[0m
  [1m[35m (0.1ms)[0m  begin transaction
  [1m[36mSQL (0.2ms)[0m  [1mINSERT INTO "proposals" ("name", "number_yes", "number_no", "created_at", "updated_at") VALUES (?, ?, ?, ?, ?)[0m  [["name", "Give team B an F"], ["number_yes", 7], ["number_no", 0], ["created_at", "2019-11-19 23:02:13.203049"], ["updated_at", "2019-11-19 23:02:13.203049"]]
  [1m[35m (33.5ms)[0m  commit transaction
  [1m[36m (0.1ms)[0m  [1mbegin transaction[0m
  [1m[35mSQL (0.2ms)[0m  INSERT INTO "proposals" ("name", "number_yes", "number_no", "created_at", "updated_at") VALUES (?, ?, ?, ?, ?)  [["name", "Pizza for lunch"], ["number_yes", 3], ["number_no", 4], ["created_at", "2019-11-19 23:02:13.238207"], ["updated_at", "2019-11-19 23:02:13.238207"]]
  [1m[36m (28.7ms)[0m  [1mcommit transaction[0m
  [1m[35m (0.1ms)[0m  begin transaction
  [1m[36mSQL (0.2ms)[0m  [1mINSERT INTO "proposals" ("name", "number_yes", "number_no", "created_at", "updated_at") VALUES (?, ?, ?, ?, ?)[0m  [["name", "Make meetings shorter"], ["number_yes", 6], ["number_no", 1], ["created_at", "2019-11-19 23:02:13.268544"], ["updated_at", "2019-11-19 23:02:13.268544"]]
  [1m[35m (26.7ms)[0m  commit transaction
  [1m[36m (0.1ms)[0m  [1mbegin transaction[0m
  [1m[35mSQL (0.2ms)[0m  INSERT INTO "proposals" ("name", "number_yes", "number_no", "created_at", "updated_at") VALUES (?, ?, ?, ?, ?)  [["name", "Eliminate meetings"], ["number_yes", 1], ["number_no", 6], ["created_at", "2019-11-19 23:02:13.296806"], ["updated_at", "2019-11-19 23:02:13.296806"]]
  [1m[36m (28.9ms)[0m  [1mcommit transaction[0m
  [1m[35m (0.1ms)[0m  begin transaction
  [1m[36mSQL (0.2ms)[0m  [1mINSERT INTO "proposals" ("name", "number_yes", "number_no", "created_at", "updated_at") VALUES (?, ?, ?, ?, ?)[0m  [["name", "Offer more courses"], ["number_yes", 3], ["number_no", 4], ["created_at", "2019-11-19 23:02:13.334606"], ["updated_at", "2019-11-19 23:02:13.334606"]]
  [1m[35m (22.9ms)[0m  commit transaction
  [1m[36m (0.1ms)[0m  [1mbegin transaction[0m
  [1m[35mSQL (0.2ms)[0m  INSERT INTO "proposals" ("name", "number_yes", "number_no", "created_at", "updated_at") VALUES (?, ?, ?, ?, ?)  [["name", "Increase salaries"], ["number_yes", 7], ["number_no", 0], ["created_at", "2019-11-19 23:02:13.359207"], ["updated_at", "2019-11-19 23:02:13.359207"]]
  [1m[36m (22.9ms)[0m  [1mcommit transaction[0m
  [1m[35m (0.1ms)[0m  begin transaction
  [1m[36mSQL (0.2ms)[0m  [1mINSERT INTO "proposals" ("name", "number_yes", "number_no", "created_at", "updated_at") VALUES (?, ?, ?, ?, ?)[0m  [["name", "Make tests open-notes"], ["number_yes", 2], ["number_no", 5], ["created_at", "2019-11-19 23:02:13.383719"], ["updated_at", "2019-11-19 23:02:13.383719"]]
  [1m[35m (37.1ms)[0m  commit transaction
  [1m[36m (0.1ms)[0m  [1mbegin transaction[0m
  [1m[35mSQL (0.2ms)[0m  INSERT INTO "proposals" ("name", "number_yes", "number_no", "created_at", "updated_at") VALUES (?, ?, ?, ?, ?)  [["name", "Hire new Department head"], ["number_yes", 0], ["number_no", 7], ["created_at", "2019-11-19 23:02:13.422388"], ["updated_at", "2019-11-19 23:02:13.422388"]]
  [1m[36m (28.8ms)[0m  [1mcommit transaction[0m
  [1m[35m (0.1ms)[0m  begin transaction
  [1m[36mSQL (0.5ms)[0m  [1mINSERT INTO "users" ("first_name", "last_name", "email", "password", "created_at", "updated_at") VALUES (?, ?, ?, ?, ?, ?)[0m  [["first_name", "Matthew"], ["last_name", "Blair"], ["email", "mblair1@citadel.edu"], ["password", "one"], ["created_at", "2019-11-19 23:02:13.458549"], ["updated_at", "2019-11-19 23:02:13.458549"]]
  [1m[35m (32.0ms)[0m  commit transaction
  [1m[36m (0.1ms)[0m  [1mbegin transaction[0m
  [1m[35mSQL (0.2ms)[0m  INSERT INTO "users" ("first_name", "last_name", "email", "password", "created_at", "updated_at") VALUES (?, ?, ?, ?, ?, ?)  [["first_name", "Caitlin"], ["last_name", "Cabrera"], ["email", "ccabrera@citadel.edu"], ["password", "two"], ["created_at", "2019-11-19 23:02:13.496989"], ["updated_at", "2019-11-19 23:02:13.496989"]]
  [1m[36m (36.6ms)[0m  [1mcommit transaction[0m
  [1m[35m (0.1ms)[0m  begin transaction
  [1m[36mSQL (0.2ms)[0m  [1mINSERT INTO "users" ("first_name", "last_name", "email", "password", "created_at", "updated_at") VALUES (?, ?, ?, ?, ?, ?)[0m  [["first_name", "John-Anthony"], ["last_name", "Thevos"], ["email", "thevosjg@g.cofc.edu"], ["password", "three"], ["created_at", "2019-11-19 23:02:13.535129"], ["updated_at", "2019-11-19 23:02:13.535129"]]
  [1m[35m (25.6ms)[0m  commit transaction
  [1m[36m (0.1ms)[0m  [1mbegin transaction[0m
  [1m[35mSQL (0.2ms)[0m  INSERT INTO "users" ("first_name", "last_name", "email", "password", "created_at", "updated_at") VALUES (?, ?, ?, ?, ?, ?)  [["first_name", "Jared"], ["last_name", "Mathews"], ["email", "jmathew1@citadel.edu"], ["password", "four"], ["created_at", "2019-11-19 23:02:13.562238"], ["updated_at", "2019-11-19 23:02:13.562238"]]
  [1m[36m (16.2ms)[0m  [1mcommit transaction[0m
  [1m[35m (0.1ms)[0m  begin transaction
  [1m[36mSQL (0.2ms)[0m  [1mINSERT INTO "users" ("first_name", "last_name", "email", "password", "created_at", "updated_at") VALUES (?, ?, ?, ?, ?, ?)[0m  [["first_name", "Alexis"], ["last_name", "Jackson"], ["email", "jacksonaj1@g.cofc.edu"], ["password", "five"], ["created_at", "2019-11-19 23:02:13.580054"], ["updated_at", "2019-11-19 23:02:13.580054"]]
  [1m[35m (22.9ms)[0m  commit transaction
  [1m[36m (0.1ms)[0m  [1mbegin transaction[0m
  [1m[35mSQL (0.2ms)[0m  INSERT INTO "users" ("first_name", "last_name", "email", "password", "created_at", "updated_at") VALUES (?, ?, ?, ?, ?, ?)  [["first_name", "Michael"], ["last_name", "Verdicchio"], ["email", "mv@citadel.edu"], ["password", "six"], ["created_at", "2019-11-19 23:02:13.604493"], ["updated_at", "2019-11-19 23:02:13.604493"]]
  [1m[36m (25.1ms)[0m  [1mcommit transaction[0m
  [1m[35m (0.1ms)[0m  begin transaction
  [1m[36mSQL (0.2ms)[0m  [1mINSERT INTO "users" ("first_name", "last_name", "email", "password", "created_at", "updated_at") VALUES (?, ?, ?, ?, ?, ?)[0m  [["first_name", "Shankar"], ["last_name", "Banik"], ["email", "baniks1@citadel.edu"], ["password", "seven"], ["created_at", "2019-11-19 23:02:13.631189"], ["updated_at", "2019-11-19 23:02:13.631189"]]
  [1m[35m (38.4ms)[0m  commit transaction
  [1m[36m (0.1ms)[0m  [1mbegin transaction[0m
  [1m[35mSQL (0.2ms)[0m  INSERT INTO "votes" ("user_id", "proposal_id", "vote_type", "created_at", "updated_at") VALUES (?, ?, ?, ?, ?)  [["user_id", 1], ["proposal_id", 1], ["vote_type", "yes"], ["created_at", "2019-11-19 23:02:13.675965"], ["updated_at", "2019-11-19 23:02:13.675965"]]
  [1m[36m (26.8ms)[0m  [1mcommit transaction[0m
  [1m[35m (0.1ms)[0m  begin transaction
  [1m[36mSQL (0.2ms)[0m  [1mINSERT INTO "votes" ("user_id", "proposal_id", "vote_type", "created_at", "updated_at") VALUES (?, ?, ?, ?, ?)[0m  [["user_id", 2], ["proposal_id", 1], ["vote_type", "no"], ["created_at", "2019-11-19 23:02:13.705062"], ["updated_at", "2019-11-19 23:02:13.705062"]]
  [1m[35m (27.5ms)[0m  commit transaction
  [1m[36m (0.1ms)[0m  [1mbegin transaction[0m
  [1m[35mSQL (0.2ms)[0m  INSERT INTO "votes" ("user_id", "proposal_id", "vote_type", "created_at", "updated_at") VALUES (?, ?, ?, ?, ?)  [["user_id", 3], ["proposal_id", 1], ["vote_type", "abstain"], ["created_at", "2019-11-19 23:02:13.734620"], ["updated_at", "2019-11-19 23:02:13.734620"]]
  [1m[36m (25.8ms)[0m  [1mcommit transaction[0m
  [1m[35m (0.1ms)[0m  begin transaction
  [1m[36mSQL (0.2ms)[0m  [1mINSERT INTO "votes" ("user_id", "proposal_id", "vote_type", "created_at", "updated_at") VALUES (?, ?, ?, ?, ?)[0m  [["user_id", 4], ["proposal_id", 1], ["vote_type", "yes"], ["created_at", "2019-11-19 23:02:13.761967"], ["updated_at", "2019-11-19 23:02:13.761967"]]
  [1m[35m (33.1ms)[0m  commit transaction
  [1m[36m (0.1ms)[0m  [1mbegin transaction[0m
  [1m[35mSQL (0.2ms)[0m  INSERT INTO "votes" ("user_id", "proposal_id", "vote_type", "created_at", "updated_at") VALUES (?, ?, ?, ?, ?)  [["user_id", 5], ["proposal_id", 1], ["vote_type", "no"], ["created_at", "2019-11-19 23:02:13.796577"], ["updated_at", "2019-11-19 23:02:13.796577"]]
  [1m[36m (31.7ms)[0m  [1mcommit transaction[0m
  [1m[35m (0.1ms)[0m  begin transaction
  [1m[36mSQL (0.2ms)[0m  [1mINSERT INTO "votes" ("user_id", "proposal_id", "vote_type", "created_at", "updated_at") VALUES (?, ?, ?, ?, ?)[0m  [["user_id", 6], ["proposal_id", 1], ["vote_type", "yes"], ["created_at", "2019-11-19 23:02:13.829770"], ["updated_at", "2019-11-19 23:02:13.829770"]]
  [1m[35m (24.6ms)[0m  commit transaction
  [1m[36m (0.1ms)[0m  [1mbegin transaction[0m
  [1m[35mSQL (0.2ms)[0m  INSERT INTO "votes" ("user_id", "proposal_id", "vote_type", "created_at", "updated_at") VALUES (?, ?, ?, ?, ?)  [["user_id", 7], ["proposal_id", 1], ["vote_type", "yes"], ["created_at", "2019-11-19 23:02:13.855890"], ["updated_at", "2019-11-19 23:02:13.855890"]]
  [1m[36m (19.2ms)[0m  [1mcommit transaction[0m
  [1m[36m (19.0ms)[0m  [1mCREATE TABLE "proposals" ("id" INTEGER PRIMARY KEY AUTOINCREMENT NOT NULL, "proposal_id" integer, "name" text, "status" text, "result" text, "number_votes" integer, "number_yes" integer, "number_no" integer, "number_abstain" integer, "created_at" datetime NOT NULL, "updated_at" datetime NOT NULL) [0m
  [1m[35m (21.0ms)[0m  CREATE TABLE "sessions" ("id" INTEGER PRIMARY KEY AUTOINCREMENT NOT NULL, "session_id" varchar NOT NULL, "data" text, "created_at" datetime, "updated_at" datetime) 
  [1m[36m (0.1ms)[0m  [1mselect sqlite_version(*)[0m
  [1m[35m (14.7ms)[0m  CREATE UNIQUE INDEX "index_sessions_on_session_id" ON "sessions" ("session_id")
  [1m[36m (0.3ms)[0m  [1m            SELECT sql
            FROM sqlite_master
            WHERE name='index_sessions_on_session_id' AND type='index'
            UNION ALL
            SELECT sql
            FROM sqlite_temp_master
            WHERE name='index_sessions_on_session_id' AND type='index'
[0m
  [1m[35m (14.7ms)[0m  CREATE  INDEX "index_sessions_on_updated_at" ON "sessions" ("updated_at")
  [1m[36m (19.7ms)[0m  [1mCREATE TABLE "users" ("id" INTEGER PRIMARY KEY AUTOINCREMENT NOT NULL, "user_id" integer, "first_name" varchar, "last_name" varchar, "email" varchar, "password" varchar, "created_at" datetime NOT NULL, "updated_at" datetime NOT NULL) [0m
  [1m[35m (19.3ms)[0m  CREATE TABLE "votes" ("id" INTEGER PRIMARY KEY AUTOINCREMENT NOT NULL, "vote_id" integer, "user_id" integer, "proposal_id" integer, "vote_type" varchar, "created_at" datetime NOT NULL, "updated_at" datetime NOT NULL) 
  [1m[36m (17.8ms)[0m  [1mCREATE TABLE "schema_migrations" ("version" varchar NOT NULL) [0m
  [1m[35m (30.5ms)[0m  CREATE UNIQUE INDEX "unique_schema_migrations" ON "schema_migrations" ("version")
  [1m[36m (0.1ms)[0m  [1mSELECT version FROM "schema_migrations"[0m
  [1m[35m (18.9ms)[0m  INSERT INTO "schema_migrations" (version) VALUES ('20191113165525')
  [1m[36m (18.4ms)[0m  [1mINSERT INTO "schema_migrations" (version) VALUES ('20191112160127')[0m
  [1m[35m (23.3ms)[0m  INSERT INTO "schema_migrations" (version) VALUES ('20191113163514')
  [1m[36m (20.8ms)[0m  [1mINSERT INTO "schema_migrations" (version) VALUES ('20191031003451')[0m


Started GET "/" for 155.225.2.100 at 2019-11-20 00:18:36 +0000
Cannot render console from 155.225.2.100! Allowed networks: 127.0.0.1, ::1, 127.0.0.0/127.255.255.255
  [1m[36mActiveRecord::SchemaMigration Load (0.2ms)[0m  [1mSELECT "schema_migrations".* FROM "schema_migrations"[0m


Started GET "/authentication" for 155.225.2.100 at 2019-11-20 00:18:37 +0000
Cannot render console from 155.225.2.100! Allowed networks: 127.0.0.1, ::1, 127.0.0.0/127.255.255.255
Processing by AuthenticationController#index as HTML
  Rendered authentication/index.html.haml within layouts/application (13.6ms)
Completed 200 OK in 330ms (Views: 315.6ms | ActiveRecord: 0.0ms)


Started GET "/assets/application.self-e80e8f2318043e8af94dddc2adad5a4f09739a8ebb323b3ab31cd71d45fd9113.css?body=1" for 155.225.2.100 at 2019-11-20 00:18:37 +0000
Cannot render console from 155.225.2.100! Allowed networks: 127.0.0.1, ::1, 127.0.0.0/127.255.255.255


Started GET "/assets/jquery.self-bd7ddd393353a8d2480a622e80342adf488fb6006d667e8b42e4c0073393abee.js?body=1" for 155.225.2.100 at 2019-11-20 00:18:37 +0000
Cannot render console from 155.225.2.100! Allowed networks: 127.0.0.1, ::1, 127.0.0.0/127.255.255.255


Started GET "/assets/jquery_ujs.self-784a997f6726036b1993eb2217c9cb558e1cbb801c6da88105588c56f13b466a.js?body=1" for 155.225.2.100 at 2019-11-20 00:18:37 +0000
Cannot render console from 155.225.2.100! Allowed networks: 127.0.0.1, ::1, 127.0.0.0/127.255.255.255


Started GET "/assets/turbolinks.self-569ee74eaa15c1e2019317ff770b8769b1ec033a0f572a485f64c82ddc8f989e.js?body=1" for 155.225.2.100 at 2019-11-20 00:18:38 +0000
Cannot render console from 155.225.2.100! Allowed networks: 127.0.0.1, ::1, 127.0.0.0/127.255.255.255


Started GET "/assets/application.self-3b8dabdc891efe46b9a144b400ad69e37d7e5876bdc39dee783419a69d7ca819.js?body=1" for 155.225.2.100 at 2019-11-20 00:18:38 +0000
Cannot render console from 155.225.2.100! Allowed networks: 127.0.0.1, ::1, 127.0.0.0/127.255.255.255


Started GET "/signup" for 155.225.2.100 at 2019-11-20 00:18:42 +0000
Cannot render console from 155.225.2.100! Allowed networks: 127.0.0.1, ::1, 127.0.0.0/127.255.255.255
Processing by AuthenticationController#signup as HTML
  Rendered authentication/signup.html.haml within layouts/application (15.6ms)
Completed 200 OK in 35ms (Views: 34.0ms | ActiveRecord: 0.0ms)
  [1m[36m (4.6ms)[0m  [1mCREATE TABLE "schema_migrations" ("version" varchar NOT NULL) [0m
  [1m[35m (0.1ms)[0m  select sqlite_version(*)
  [1m[36m (4.1ms)[0m  [1mCREATE UNIQUE INDEX "unique_schema_migrations" ON "schema_migrations" ("version")[0m
  [1m[35mActiveRecord::SchemaMigration Load (0.1ms)[0m  SELECT "schema_migrations".* FROM "schema_migrations"
Migrating to CreateUsers (20191031003451)
  [1m[36m (0.1ms)[0m  [1mbegin transaction[0m
  [1m[35m (0.4ms)[0m  CREATE TABLE "users" ("id" INTEGER PRIMARY KEY AUTOINCREMENT NOT NULL, "user_id" integer, "first_name" varchar, "last_name" varchar, "email" varchar, "password" varchar, "created_at" datetime NOT NULL, "updated_at" datetime NOT NULL) 
  [1m[36mSQL (0.1ms)[0m  [1mINSERT INTO "schema_migrations" ("version") VALUES (?)[0m  [["version", "20191031003451"]]
  [1m[35m (4.1ms)[0m  commit transaction
Migrating to AddSessionsTable (20191112160127)
  [1m[36m (0.0ms)[0m  [1mbegin transaction[0m
DEPRECATION WARNING: `#timestamps` was called without specifying an option for `null`. In Rails 5, this behavior will change to `null: false`. You should manually specify `null: true` to prevent the behavior of your existing migrations from changing. (called from block in change at /home/ec2-user/environment/Homework/faculty-vote/db/migrate/20191112160127_add_sessions_table.rb:7)
  [1m[35m (0.2ms)[0m  CREATE TABLE "sessions" ("id" INTEGER PRIMARY KEY AUTOINCREMENT NOT NULL, "session_id" varchar NOT NULL, "user_id" integer, "data" text, "created_at" datetime, "updated_at" datetime) 
  [1m[36m (0.5ms)[0m  [1mCREATE UNIQUE INDEX "index_sessions_on_session_id" ON "sessions" ("session_id")[0m
  [1m[35m (0.1ms)[0m              SELECT sql
            FROM sqlite_master
            WHERE name='index_sessions_on_session_id' AND type='index'
            UNION ALL
            SELECT sql
            FROM sqlite_temp_master
            WHERE name='index_sessions_on_session_id' AND type='index'

  [1m[36m (0.1ms)[0m  [1mCREATE  INDEX "index_sessions_on_updated_at" ON "sessions" ("updated_at")[0m
  [1m[35mSQL (0.1ms)[0m  INSERT INTO "schema_migrations" ("version") VALUES (?)  [["version", "20191112160127"]]
  [1m[36m (5.6ms)[0m  [1mcommit transaction[0m
Migrating to CreateProposal (20191113163514)
  [1m[35m (0.1ms)[0m  begin transaction
  [1m[36m (0.2ms)[0m  [1mCREATE TABLE "proposals" ("id" INTEGER PRIMARY KEY AUTOINCREMENT NOT NULL, "proposal_id" integer, "name" text, "status" text, "result" text, "number_votes" integer, "number_yes" integer, "number_no" integer, "number_abstain" integer, "created_at" datetime NOT NULL, "updated_at" datetime NOT NULL) [0m
  [1m[35mSQL (0.1ms)[0m  INSERT INTO "schema_migrations" ("version") VALUES (?)  [["version", "20191113163514"]]
  [1m[36m (4.8ms)[0m  [1mcommit transaction[0m
Migrating to CreateVotes (20191113165525)
  [1m[35m (0.0ms)[0m  begin transaction
  [1m[36m (0.2ms)[0m  [1mCREATE TABLE "votes" ("id" INTEGER PRIMARY KEY AUTOINCREMENT NOT NULL, "vote_id" integer, "user_id" integer, "proposal_id" integer, "vote_type" varchar, "created_at" datetime NOT NULL, "updated_at" datetime NOT NULL) [0m
  [1m[35mSQL (0.9ms)[0m  INSERT INTO "schema_migrations" ("version") VALUES (?)  [["version", "20191113165525"]]
  [1m[36m (4.2ms)[0m  [1mcommit transaction[0m
  [1m[35mActiveRecord::SchemaMigration Load (0.1ms)[0m  SELECT "schema_migrations".* FROM "schema_migrations"
  [1m[36m (0.1ms)[0m  [1m            SELECT sql
            FROM sqlite_master
            WHERE name='index_sessions_on_updated_at' AND type='index'
            UNION ALL
            SELECT sql
            FROM sqlite_temp_master
            WHERE name='index_sessions_on_updated_at' AND type='index'
[0m
  [1m[35m (0.1ms)[0m              SELECT sql
            FROM sqlite_master
            WHERE name='index_sessions_on_session_id' AND type='index'
            UNION ALL
            SELECT sql
            FROM sqlite_temp_master
            WHERE name='index_sessions_on_session_id' AND type='index'

  [1m[36mActiveRecord::SchemaMigration Load (0.1ms)[0m  [1mSELECT "schema_migrations".* FROM "schema_migrations"[0m
  [1m[35m (0.1ms)[0m  begin transaction
  [1m[36mSQL (0.4ms)[0m  [1mINSERT INTO "proposals" ("name", "number_yes", "number_no", "created_at", "updated_at") VALUES (?, ?, ?, ?, ?)[0m  [["name", "Hire a new guy"], ["number_yes", 5], ["number_no", 2], ["created_at", "2019-11-23 15:47:41.616549"], ["updated_at", "2019-11-23 15:47:41.616549"]]
  [1m[35m (4.3ms)[0m  commit transaction
  [1m[36m (0.0ms)[0m  [1mbegin transaction[0m
  [1m[35mSQL (0.1ms)[0m  INSERT INTO "proposals" ("name", "number_yes", "number_no", "created_at", "updated_at") VALUES (?, ?, ?, ?, ?)  [["name", "Give team A an A"], ["number_yes", 7], ["number_no", 0], ["created_at", "2019-11-23 15:47:41.622708"], ["updated_at", "2019-11-23 15:47:41.622708"]]
  [1m[36m (4.3ms)[0m  [1mcommit transaction[0m
  [1m[35m (0.0ms)[0m  begin transaction
  [1m[36mSQL (0.1ms)[0m  [1mINSERT INTO "proposals" ("name", "number_yes", "number_no", "created_at", "updated_at") VALUES (?, ?, ?, ?, ?)[0m  [["name", "Give team B an F"], ["number_yes", 7], ["number_no", 0], ["created_at", "2019-11-23 15:47:41.628196"], ["updated_at", "2019-11-23 15:47:41.628196"]]
  [1m[35m (5.0ms)[0m  commit transaction
  [1m[36m (0.0ms)[0m  [1mbegin transaction[0m
  [1m[35mSQL (0.1ms)[0m  INSERT INTO "proposals" ("name", "number_yes", "number_no", "created_at", "updated_at") VALUES (?, ?, ?, ?, ?)  [["name", "Pizza for lunch"], ["number_yes", 3], ["number_no", 4], ["created_at", "2019-11-23 15:47:41.634360"], ["updated_at", "2019-11-23 15:47:41.634360"]]
  [1m[36m (4.2ms)[0m  [1mcommit transaction[0m
  [1m[35m (0.0ms)[0m  begin transaction
  [1m[36mSQL (0.1ms)[0m  [1mINSERT INTO "proposals" ("name", "number_yes", "number_no", "created_at", "updated_at") VALUES (?, ?, ?, ?, ?)[0m  [["name", "Make meetings shorter"], ["number_yes", 6], ["number_no", 1], ["created_at", "2019-11-23 15:47:41.639652"], ["updated_at", "2019-11-23 15:47:41.639652"]]
  [1m[35m (5.2ms)[0m  commit transaction
  [1m[36m (0.0ms)[0m  [1mbegin transaction[0m
  [1m[35mSQL (0.1ms)[0m  INSERT INTO "proposals" ("name", "number_yes", "number_no", "created_at", "updated_at") VALUES (?, ?, ?, ?, ?)  [["name", "Eliminate meetings"], ["number_yes", 1], ["number_no", 6], ["created_at", "2019-11-23 15:47:41.645983"], ["updated_at", "2019-11-23 15:47:41.645983"]]
  [1m[36m (4.3ms)[0m  [1mcommit transaction[0m
  [1m[35m (0.0ms)[0m  begin transaction
  [1m[36mSQL (0.1ms)[0m  [1mINSERT INTO "proposals" ("name", "number_yes", "number_no", "created_at", "updated_at") VALUES (?, ?, ?, ?, ?)[0m  [["name", "Offer more courses"], ["number_yes", 3], ["number_no", 4], ["created_at", "2019-11-23 15:47:41.651446"], ["updated_at", "2019-11-23 15:47:41.651446"]]
  [1m[35m (5.1ms)[0m  commit transaction
  [1m[36m (0.0ms)[0m  [1mbegin transaction[0m
  [1m[35mSQL (0.1ms)[0m  INSERT INTO "proposals" ("name", "number_yes", "number_no", "created_at", "updated_at") VALUES (?, ?, ?, ?, ?)  [["name", "Increase salaries"], ["number_yes", 7], ["number_no", 0], ["created_at", "2019-11-23 15:47:41.657707"], ["updated_at", "2019-11-23 15:47:41.657707"]]
  [1m[36m (4.1ms)[0m  [1mcommit transaction[0m
  [1m[35m (0.0ms)[0m  begin transaction
  [1m[36mSQL (0.1ms)[0m  [1mINSERT INTO "proposals" ("name", "number_yes", "number_no", "created_at", "updated_at") VALUES (?, ?, ?, ?, ?)[0m  [["name", "Make tests open-notes"], ["number_yes", 2], ["number_no", 5], ["created_at", "2019-11-23 15:47:41.662894"], ["updated_at", "2019-11-23 15:47:41.662894"]]
  [1m[35m (5.3ms)[0m  commit transaction
  [1m[36m (0.1ms)[0m  [1mbegin transaction[0m
  [1m[35mSQL (0.1ms)[0m  INSERT INTO "proposals" ("name", "number_yes", "number_no", "created_at", "updated_at") VALUES (?, ?, ?, ?, ?)  [["name", "Hire new Department head"], ["number_yes", 0], ["number_no", 7], ["created_at", "2019-11-23 15:47:41.669442"], ["updated_at", "2019-11-23 15:47:41.669442"]]
  [1m[36m (4.1ms)[0m  [1mcommit transaction[0m
  [1m[35m (0.1ms)[0m  begin transaction
  [1m[36mSQL (0.3ms)[0m  [1mINSERT INTO "users" ("first_name", "last_name", "email", "password", "created_at", "updated_at") VALUES (?, ?, ?, ?, ?, ?)[0m  [["first_name", "Matthew"], ["last_name", "Blair"], ["email", "mblair1@citadel.edu"], ["password", "one"], ["created_at", "2019-11-23 15:47:41.680633"], ["updated_at", "2019-11-23 15:47:41.680633"]]
  [1m[35m (4.1ms)[0m  commit transaction
  [1m[36m (0.0ms)[0m  [1mbegin transaction[0m
  [1m[35mSQL (0.1ms)[0m  INSERT INTO "users" ("first_name", "last_name", "email", "password", "created_at", "updated_at") VALUES (?, ?, ?, ?, ?, ?)  [["first_name", "Caitlin"], ["last_name", "Cabrera"], ["email", "ccabrera@citadel.edu"], ["password", "two"], ["created_at", "2019-11-23 15:47:41.686660"], ["updated_at", "2019-11-23 15:47:41.686660"]]
  [1m[36m (4.3ms)[0m  [1mcommit transaction[0m
  [1m[35m (0.0ms)[0m  begin transaction
  [1m[36mSQL (0.1ms)[0m  [1mINSERT INTO "users" ("first_name", "last_name", "email", "password", "created_at", "updated_at") VALUES (?, ?, ?, ?, ?, ?)[0m  [["first_name", "John-Anthony"], ["last_name", "Thevos"], ["email", "thevosjg@g.cofc.edu"], ["password", "three"], ["created_at", "2019-11-23 15:47:41.692160"], ["updated_at", "2019-11-23 15:47:41.692160"]]
  [1m[35m (5.4ms)[0m  commit transaction
  [1m[36m (0.1ms)[0m  [1mbegin transaction[0m
  [1m[35mSQL (0.1ms)[0m  INSERT INTO "users" ("first_name", "last_name", "email", "password", "created_at", "updated_at") VALUES (?, ?, ?, ?, ?, ?)  [["first_name", "Jared"], ["last_name", "Mathews"], ["email", "jmathew1@citadel.edu"], ["password", "four"], ["created_at", "2019-11-23 15:47:41.698734"], ["updated_at", "2019-11-23 15:47:41.698734"]]
  [1m[36m (3.9ms)[0m  [1mcommit transaction[0m
  [1m[35m (0.0ms)[0m  begin transaction
  [1m[36mSQL (0.1ms)[0m  [1mINSERT INTO "users" ("first_name", "last_name", "email", "password", "created_at", "updated_at") VALUES (?, ?, ?, ?, ?, ?)[0m  [["first_name", "Alexis"], ["last_name", "Jackson"], ["email", "jacksonaj1@g.cofc.edu"], ["password", "five"], ["created_at", "2019-11-23 15:47:41.703913"], ["updated_at", "2019-11-23 15:47:41.703913"]]
  [1m[35m (5.2ms)[0m  commit transaction
  [1m[36m (0.1ms)[0m  [1mbegin transaction[0m
  [1m[35mSQL (0.1ms)[0m  INSERT INTO "users" ("first_name", "last_name", "email", "password", "created_at", "updated_at") VALUES (?, ?, ?, ?, ?, ?)  [["first_name", "Michael"], ["last_name", "Verdicchio"], ["email", "mv@citadel.edu"], ["password", "six"], ["created_at", "2019-11-23 15:47:41.710292"], ["updated_at", "2019-11-23 15:47:41.710292"]]
  [1m[36m (4.1ms)[0m  [1mcommit transaction[0m
  [1m[35m (0.1ms)[0m  begin transaction
  [1m[36mSQL (0.1ms)[0m  [1mINSERT INTO "users" ("first_name", "last_name", "email", "password", "created_at", "updated_at") VALUES (?, ?, ?, ?, ?, ?)[0m  [["first_name", "Shankar"], ["last_name", "Banik"], ["email", "baniks1@citadel.edu"], ["password", "seven"], ["created_at", "2019-11-23 15:47:41.715633"], ["updated_at", "2019-11-23 15:47:41.715633"]]
  [1m[35m (5.5ms)[0m  commit transaction
  [1m[36m (0.0ms)[0m  [1mbegin transaction[0m
  [1m[35mSQL (0.2ms)[0m  INSERT INTO "votes" ("user_id", "proposal_id", "vote_type", "created_at", "updated_at") VALUES (?, ?, ?, ?, ?)  [["user_id", 1], ["proposal_id", 1], ["vote_type", "yes"], ["created_at", "2019-11-23 15:47:41.726936"], ["updated_at", "2019-11-23 15:47:41.726936"]]
  [1m[36m (5.1ms)[0m  [1mcommit transaction[0m
  [1m[35m (0.0ms)[0m  begin transaction
  [1m[36mSQL (0.1ms)[0m  [1mINSERT INTO "votes" ("user_id", "proposal_id", "vote_type", "created_at", "updated_at") VALUES (?, ?, ?, ?, ?)[0m  [["user_id", 2], ["proposal_id", 1], ["vote_type", "no"], ["created_at", "2019-11-23 15:47:41.733357"], ["updated_at", "2019-11-23 15:47:41.733357"]]
  [1m[35m (3.7ms)[0m  commit transaction
  [1m[36m (0.0ms)[0m  [1mbegin transaction[0m
  [1m[35mSQL (0.1ms)[0m  INSERT INTO "votes" ("user_id", "proposal_id", "vote_type", "created_at", "updated_at") VALUES (?, ?, ?, ?, ?)  [["user_id", 3], ["proposal_id", 1], ["vote_type", "abstain"], ["created_at", "2019-11-23 15:47:41.738293"], ["updated_at", "2019-11-23 15:47:41.738293"]]
  [1m[36m (3.9ms)[0m  [1mcommit transaction[0m
  [1m[35m (0.0ms)[0m  begin transaction
  [1m[36mSQL (0.1ms)[0m  [1mINSERT INTO "votes" ("user_id", "proposal_id", "vote_type", "created_at", "updated_at") VALUES (?, ?, ?, ?, ?)[0m  [["user_id", 4], ["proposal_id", 1], ["vote_type", "yes"], ["created_at", "2019-11-23 15:47:41.743342"], ["updated_at", "2019-11-23 15:47:41.743342"]]
  [1m[35m (5.1ms)[0m  commit transaction
  [1m[36m (0.0ms)[0m  [1mbegin transaction[0m
  [1m[35mSQL (0.1ms)[0m  INSERT INTO "votes" ("user_id", "proposal_id", "vote_type", "created_at", "updated_at") VALUES (?, ?, ?, ?, ?)  [["user_id", 5], ["proposal_id", 1], ["vote_type", "no"], ["created_at", "2019-11-23 15:47:41.749838"], ["updated_at", "2019-11-23 15:47:41.749838"]]
  [1m[36m (3.9ms)[0m  [1mcommit transaction[0m
  [1m[35m (0.1ms)[0m  begin transaction
  [1m[36mSQL (0.2ms)[0m  [1mINSERT INTO "votes" ("user_id", "proposal_id", "vote_type", "created_at", "updated_at") VALUES (?, ?, ?, ?, ?)[0m  [["user_id", 6], ["proposal_id", 1], ["vote_type", "yes"], ["created_at", "2019-11-23 15:47:41.755033"], ["updated_at", "2019-11-23 15:47:41.755033"]]
  [1m[35m (4.8ms)[0m  commit transaction
  [1m[36m (0.0ms)[0m  [1mbegin transaction[0m
  [1m[35mSQL (0.2ms)[0m  INSERT INTO "votes" ("user_id", "proposal_id", "vote_type", "created_at", "updated_at") VALUES (?, ?, ?, ?, ?)  [["user_id", 7], ["proposal_id", 1], ["vote_type", "yes"], ["created_at", "2019-11-23 15:47:41.761382"], ["updated_at", "2019-11-23 15:47:41.761382"]]
  [1m[36m (3.8ms)[0m  [1mcommit transaction[0m
